Log file open, 02/27/18 09:17:28
LogWindows: Failed to load 'aqProf.dll' (GetLastError=126)
LogWindows: File 'aqProf.dll' does not exist
LogWindows: Failed to load 'VtuneApi.dll' (GetLastError=126)
LogWindows: File 'VtuneApi.dll' does not exist
LogWindows: Failed to load 'VtuneApi32e.dll' (GetLastError=126)
LogWindows: File 'VtuneApi32e.dll' does not exist
LogInit: Display: Running engine for game: ShotStudiosFinal
LogPlatformFile: Not using cached read wrapper
LogInit: Display: RandInit(1907587913) SRandInit(1907587914).
LogInit: Read version file with build ID '3709383'
LogInit: Overriding engine version to CL 3832480, compatible CL 3709383
LogInit: Registered custom module enumerator with build ID '3709383'
LogTaskGraph: Started task graph with 5 named threads and 14 total threads with 3 sets of task threads.
LogStats: Stats thread started at 0.165555
LogD3D11RHI: Aftermath initialized
LogModuleManager: Display: Found up-to-date module file ../../../Engine/Plugins/2D/Paper2D/Binaries/Win64/UE4Editor-Paper2D.dll (API version 3709383).
LogModuleManager: Display: Found up-to-date module file ../../../Engine/Plugins/2D/Paper2D/Binaries/Win64/UE4Editor-Paper2DEditor.dll (API version 3709383).
LogModuleManager: Display: Found up-to-date module file ../../../Engine/Plugins/2D/Paper2D/Binaries/Win64/UE4Editor-PaperSpriteSheetImporter.dll (API version 3709383).
LogModuleManager: Display: Found up-to-date module file ../../../Engine/Plugins/2D/Paper2D/Binaries/Win64/UE4Editor-PaperTiledImporter.dll (API version 3709383).
LogModuleManager: Display: Found up-to-date module file ../../../Engine/Plugins/2D/Paper2D/Binaries/Win64/UE4Editor-SmartSnapping.dll (API version 3709383).
LogModuleManager: Display: Found up-to-date module file ../../../Engine/Plugins/Blendables/LightPropagationVolume/Binaries/Win64/UE4Editor-LightPropagationVolumeRuntime.dll (API version 3709383).
LogModuleManager: Display: Found up-to-date module file ../../../Engine/Plugins/Blendables/LightPropagationVolume/Binaries/Win64/UE4Editor-LightPropagationVolumeEditor.dll (API version 3709383).
LogModuleManager: Display: Found up-to-date module file ../../../Engine/Plugins/Developer/GitSourceControl/Binaries/Win64/UE4Editor-GitSourceControl.dll (API version 3709383).
LogModuleManager: Display: Found up-to-date module file ../../../Engine/Plugins/Developer/PerforceSourceControl/Binaries/Win64/UE4Editor-PerforceSourceControl.dll (API version 3709383).
LogModuleManager: Display: Found up-to-date module file ../../../Engine/Plugins/Developer/SubversionSourceControl/Binaries/Win64/UE4Editor-SubversionSourceControl.dll (API version 3709383).
LogModuleManager: Display: Found up-to-date module file ../../../Engine/Plugins/Developer/UObjectPlugin/Binaries/Win64/UE4Editor-UObjectPlugin.dll (API version 3709383).
LogModuleManager: Display: Found up-to-date module file ../../../Engine/Plugins/Developer/VisualStudioCodeSourceCodeAccess/Binaries/Win64/UE4Editor-VisualStudioCodeSourceCodeAccess.dll (API version 3709383).
LogModuleManager: Display: Found up-to-date module file ../../../Engine/Plugins/Developer/VisualStudioSourceCodeAccess/Binaries/Win64/UE4Editor-VisualStudioSourceCodeAccess.dll (API version 3709383).
LogModuleManager: Display: Found up-to-date module file ../../../Engine/Plugins/Editor/AssetManagerEditor/Binaries/Win64/UE4Editor-AssetManagerEditor.dll (API version 3709383).
LogModuleManager: Display: Found up-to-date module file ../../../Engine/Plugins/Editor/AudioCapture/Binaries/Win64/UE4Editor-AudioCapture.dll (API version 3709383).
LogModuleManager: Display: Found up-to-date module file ../../../Engine/Plugins/Editor/FacialAnimation/Binaries/Win64/UE4Editor-FacialAnimation.dll (API version 3709383).
LogModuleManager: Display: Found up-to-date module file ../../../Engine/Plugins/Editor/FacialAnimation/Binaries/Win64/UE4Editor-FacialAnimationEditor.dll (API version 3709383).
LogModuleManager: Display: Found up-to-date module file ../../../Engine/Plugins/Editor/GameplayTagsEditor/Binaries/Win64/UE4Editor-GameplayTagsEditor.dll (API version 3709383).
LogModuleManager: Display: Found up-to-date module file ../../../Engine/Plugins/Editor/MobileLauncherProfileWizard/Binaries/Win64/UE4Editor-MobileLauncherProfileWizard.dll (API version 3709383).
LogModuleManager: Display: Found up-to-date module file ../../../Engine/Plugins/Editor/PluginBrowser/Binaries/Win64/UE4Editor-PluginBrowser.dll (API version 3709383).
LogModuleManager: Display: Found up-to-date module file ../../../Engine/Plugins/Editor/SpeedTreeImporter/Binaries/Win64/UE4Editor-SpeedTreeImporter.dll (API version 3709383).
LogModuleManager: Display: Found up-to-date module file ../../../Engine/Plugins/Experimental/AlembicImporter/Binaries/Win64/UE4Editor-AlembicImporter.dll (API version 3709383).
LogModuleManager: Display: Found up-to-date module file ../../../Engine/Plugins/Experimental/AlembicImporter/Binaries/Win64/UE4Editor-AlembicLibrary.dll (API version 3709383).
LogModuleManager: Display: Found up-to-date module file ../../../Engine/Plugins/Experimental/CharacterAI/Binaries/Win64/UE4Editor-CharacterAI.dll (API version 3709383).
LogModuleManager: Display: Found up-to-date module file ../../../Engine/Plugins/Experimental/HTML5Networking/Binaries/Win64/UE4Editor-HTML5Networking.dll (API version 3709383).
LogModuleManager: Display: Found up-to-date module file ../../../Engine/Plugins/Media/AndroidMedia/Binaries/Win64/UE4Editor-AndroidMediaEditor.dll (API version 3709383).
LogModuleManager: Display: Found up-to-date module file ../../../Engine/Plugins/Media/AndroidMedia/Binaries/Win64/UE4Editor-AndroidMediaFactory.dll (API version 3709383).
LogModuleManager: Display: Found up-to-date module file ../../../Engine/Plugins/Media/AvfMedia/Binaries/Win64/UE4Editor-AvfMediaEditor.dll (API version 3709383).
LogModuleManager: Display: Found up-to-date module file ../../../Engine/Plugins/Media/AvfMedia/Binaries/Win64/UE4Editor-AvfMediaFactory.dll (API version 3709383).
LogModuleManager: Display: Found up-to-date module file ../../../Engine/Plugins/Media/AvfMedia/Binaries/Win64/UE4Editor-AvfMediaFactory.dll (API version 3709383).
LogModuleManager: Display: Found up-to-date module file ../../../Engine/Plugins/Media/ImgMedia/Binaries/Win64/UE4Editor-ImgMedia.dll (API version 3709383).
LogModuleManager: Display: Found up-to-date module file ../../../Engine/Plugins/Media/ImgMedia/Binaries/Win64/UE4Editor-ImgMediaEditor.dll (API version 3709383).
LogModuleManager: Display: Found up-to-date module file ../../../Engine/Plugins/Media/ImgMedia/Binaries/Win64/UE4Editor-ImgMediaFactory.dll (API version 3709383).
LogModuleManager: Display: Found up-to-date module file ../../../Engine/Plugins/Media/ImgMedia/Binaries/Win64/UE4Editor-ImgMediaFactory.dll (API version 3709383).
LogModuleManager: Display: Found up-to-date module file ../../../Engine/Plugins/Media/ImgMedia/Binaries/Win64/UE4Editor-OpenExrWrapper.dll (API version 3709383).
LogModuleManager: Display: Found up-to-date module file ../../../Engine/Plugins/Media/MediaCompositing/Binaries/Win64/UE4Editor-MediaCompositing.dll (API version 3709383).
LogModuleManager: Display: Found up-to-date module file ../../../Engine/Plugins/Media/MediaCompositing/Binaries/Win64/UE4Editor-MediaCompositingEditor.dll (API version 3709383).
LogModuleManager: Display: Found up-to-date module file ../../../Engine/Plugins/Media/MediaPlayerEditor/Binaries/Win64/UE4Editor-MediaPlayerEditor.dll (API version 3709383).
LogModuleManager: Display: Found up-to-date module file ../../../Engine/Plugins/Media/WmfMedia/Binaries/Win64/UE4Editor-WmfMedia.dll (API version 3709383).
LogModuleManager: Display: Found up-to-date module file ../../../Engine/Plugins/Media/WmfMedia/Binaries/Win64/UE4Editor-WmfMediaEditor.dll (API version 3709383).
LogModuleManager: Display: Found up-to-date module file ../../../Engine/Plugins/Media/WmfMedia/Binaries/Win64/UE4Editor-WmfMediaFactory.dll (API version 3709383).
LogModuleManager: Display: Found up-to-date module file ../../../Engine/Plugins/Media/WmfMedia/Binaries/Win64/UE4Editor-WmfMediaFactory.dll (API version 3709383).
LogModuleManager: Display: Found up-to-date module file ../../../Engine/Plugins/Messaging/TcpMessaging/Binaries/Win64/UE4Editor-TcpMessaging.dll (API version 3709383).
LogModuleManager: Display: Found up-to-date module file ../../../Engine/Plugins/Messaging/UdpMessaging/Binaries/Win64/UE4Editor-UdpMessaging.dll (API version 3709383).
LogModuleManager: Display: Found up-to-date module file ../../../Engine/Plugins/MovieScene/ActorSequence/Binaries/Win64/UE4Editor-ActorSequence.dll (API version 3709383).
LogModuleManager: Display: Found up-to-date module file ../../../Engine/Plugins/MovieScene/LevelSequenceEditor/Binaries/Win64/UE4Editor-LevelSequenceEditor.dll (API version 3709383).
LogModuleManager: Display: Found up-to-date module file ../../../Engine/Plugins/MovieScene/MatineeToLevelSequence/Binaries/Win64/UE4Editor-MatineeToLevelSequence.dll (API version 3709383).
LogModuleManager: Display: Found up-to-date module file ../../../Engine/Plugins/Online/OnlineSubsystem/Binaries/Win64/UE4Editor-OnlineSubsystem.dll (API version 3709383).
LogModuleManager: Display: Found up-to-date module file ../../../Engine/Plugins/Runtime/AndroidPermission/Binaries/Win64/UE4Editor-AndroidPermission.dll (API version 3709383).
LogModuleManager: Display: Found up-to-date module file ../../../Engine/Plugins/Online/OnlineSubsystemNull/Binaries/Win64/UE4Editor-OnlineSubsystemNull.dll (API version 3709383).
LogModuleManager: Display: Found up-to-date module file ../../../Engine/Plugins/Online/OnlineSubsystemUtils/Binaries/Win64/UE4Editor-OnlineSubsystemUtils.dll (API version 3709383).
LogModuleManager: Display: Found up-to-date module file ../../../Engine/Plugins/Online/OnlineSubsystemUtils/Binaries/Win64/UE4Editor-OnlineBlueprintSupport.dll (API version 3709383).
LogModuleManager: Display: Found up-to-date module file ../../../Engine/Plugins/Runtime/AndroidDeviceProfileSelector/Binaries/Win64/UE4Editor-AndroidDeviceProfileSelector.dll (API version 3709383).
LogModuleManager: Display: Found up-to-date module file ../../../Engine/Plugins/Runtime/AppleARKit/Binaries/Win64/UE4Editor-AppleARKit.dll (API version 3709383).
LogModuleManager: Display: Found up-to-date module file ../../../Engine/Plugins/Runtime/ArchVisCharacter/Binaries/Win64/UE4Editor-ArchVisCharacter.dll (API version 3709383).
LogModuleManager: Display: Found up-to-date module file ../../../Engine/Plugins/Runtime/CableComponent/Binaries/Win64/UE4Editor-CableComponent.dll (API version 3709383).
LogModuleManager: Display: Found up-to-date module file ../../../Engine/Plugins/Runtime/CustomMeshComponent/Binaries/Win64/UE4Editor-CustomMeshComponent.dll (API version 3709383).
LogModuleManager: Display: Found up-to-date module file ../../../Engine/Plugins/Runtime/ExampleDeviceProfileSelector/Binaries/Win64/UE4Editor-ExampleDeviceProfileSelector.dll (API version 3709383).
LogModuleManager: Display: Found up-to-date module file ../../../Engine/Plugins/Runtime/ImmediatePhysics/Binaries/Win64/UE4Editor-ImmediatePhysics.dll (API version 3709383).
LogModuleManager: Display: Found up-to-date module file ../../../Engine/Plugins/Runtime/ImmediatePhysics/Binaries/Win64/UE4Editor-ImmediatePhysicsEditor.dll (API version 3709383).
LogModuleManager: Display: Found up-to-date module file ../../../Engine/Plugins/Runtime/LocationServicesBPLibrary/Binaries/Win64/UE4Editor-LocationServicesBPLibrary.dll (API version 3709383).
LogModuleManager: Display: Found up-to-date module file ../../../Engine/Plugins/Runtime/MobilePatchingUtils/Binaries/Win64/UE4Editor-MobilePatchingUtils.dll (API version 3709383).
LogModuleManager: Display: Found up-to-date module file ../../../Engine/Plugins/Runtime/Oculus/OculusVR/Binaries/Win64/UE4Editor-OculusHMD.dll (API version 3709383).
LogModuleManager: Display: Found up-to-date module file ../../../Engine/Plugins/Runtime/Oculus/OculusVR/Binaries/Win64/UE4Editor-OculusInput.dll (API version 3709383).
LogModuleManager: Display: Found up-to-date module file ../../../Engine/Plugins/Runtime/Oculus/OculusVR/Binaries/Win64/UE4Editor-OculusEditor.dll (API version 3709383).
LogModuleManager: Display: Found up-to-date module file ../../../Engine/Plugins/Runtime/PhysXVehicles/Binaries/Win64/UE4Editor-PhysXVehicles.dll (API version 3709383).
LogModuleManager: Display: Found up-to-date module file ../../../Engine/Plugins/Runtime/PhysXVehicles/Binaries/Win64/UE4Editor-PhysXVehiclesEditor.dll (API version 3709383).
LogModuleManager: Display: Found up-to-date module file ../../../Engine/Plugins/Runtime/ProceduralMeshComponent/Binaries/Win64/UE4Editor-ProceduralMeshComponent.dll (API version 3709383).
LogModuleManager: Display: Found up-to-date module file ../../../Engine/Plugins/Runtime/ProceduralMeshComponent/Binaries/Win64/UE4Editor-ProceduralMeshComponentEditor.dll (API version 3709383).
LogModuleManager: Display: Found up-to-date module file ../../../Engine/Plugins/Runtime/RuntimePhysXCooking/Binaries/Win64/UE4Editor-RuntimePhysXCooking.dll (API version 3709383).
LogModuleManager: Display: Found up-to-date module file ../../../Engine/Plugins/Runtime/Steam/SteamVR/Binaries/Win64/UE4Editor-SteamVR.dll (API version 3709383).
LogModuleManager: Display: Found up-to-date module file ../../../Engine/Plugins/Runtime/Steam/SteamVR/Binaries/Win64/UE4Editor-SteamVRController.dll (API version 3709383).
LogModuleManager: Display: Found up-to-date module file ../../../Engine/Plugins/Runtime/WindowsMoviePlayer/Binaries/Win64/UE4Editor-WindowsMoviePlayer.dll (API version 3709383).
LogPluginManager: Mounting plugin Paper2D
LogPluginManager: Mounting plugin LightPropagationVolume
LogPluginManager: Mounting plugin CodeLiteSourceCodeAccess
LogPluginManager: Mounting plugin GitSourceControl
LogPluginManager: Mounting plugin KDevelopSourceCodeAccess
LogPluginManager: Mounting plugin NullSourceCodeAccess
LogPluginManager: Mounting plugin PerforceSourceControl
LogPluginManager: Mounting plugin SubversionSourceControl
LogPluginManager: Mounting plugin UObjectPlugin
LogPluginManager: Mounting plugin VisualStudioCodeSourceCodeAccess
LogPluginManager: Mounting plugin VisualStudioSourceCodeAccess
LogPluginManager: Mounting plugin XCodeSourceCodeAccess
LogPluginManager: Mounting plugin AssetManagerEditor
LogPluginManager: Mounting plugin AudioCapture
LogPluginManager: Mounting plugin FacialAnimation
LogPluginManager: Mounting plugin GameplayTagsEditor
LogPluginManager: Mounting plugin MobileLauncherProfileWizard
LogPluginManager: Mounting plugin PluginBrowser
LogPluginManager: Mounting plugin SpeedTreeImporter
LogPluginManager: Mounting plugin AlembicImporter
LogPluginManager: Mounting plugin CharacterAI
LogPluginManager: Mounting plugin HTML5Networking
LogPluginManager: Mounting plugin AndroidMedia
LogPluginManager: Mounting plugin AvfMedia
LogPluginManager: Mounting plugin ImgMedia
LogPluginManager: Mounting plugin MediaCompositing
LogPluginManager: Mounting plugin MediaPlayerEditor
LogPluginManager: Mounting plugin WmfMedia
LogPluginManager: Mounting plugin TcpMessaging
LogPluginManager: Mounting plugin UdpMessaging
LogPluginManager: Mounting plugin ActorSequence
LogPluginManager: Mounting plugin LevelSequenceEditor
LogPluginManager: Mounting plugin MatineeToLevelSequence
LogPluginManager: Mounting plugin OnlineSubsystemGooglePlay
LogPluginManager: Mounting plugin OnlineSubsystemIOS
LogPluginManager: Mounting plugin OnlineSubsystem
LogPluginManager: Mounting plugin OnlineSubsystemNull
LogPluginManager: Mounting plugin OnlineSubsystemUtils
LogPluginManager: Mounting plugin AndroidDeviceProfileSelector
LogPluginManager: Mounting plugin AndroidMoviePlayer
LogPluginManager: Mounting plugin AndroidPermission
LogPluginManager: Mounting plugin AppleARKit
LogPluginManager: Mounting plugin AppleMoviePlayer
LogPluginManager: Mounting plugin ArchVisCharacter
LogPluginManager: Mounting plugin CableComponent
LogPluginManager: Mounting plugin CustomMeshComponent
LogPluginManager: Mounting plugin ExampleDeviceProfileSelector
LogPluginManager: Mounting plugin GoogleCloudMessaging
LogPluginManager: Mounting plugin ImmediatePhysics
LogPluginManager: Mounting plugin IOSDeviceProfileSelector
LogPluginManager: Mounting plugin LinuxDeviceProfileSelector
LogPluginManager: Mounting plugin LocationServicesBPLibrary
LogPluginManager: Mounting plugin MobilePatchingUtils
LogPluginManager: Mounting plugin OculusVR
LogPluginManager: Plugin shader directory ../../../Engine/Plugins/Runtime/Oculus/OculusVR/Shaders found
LogPluginManager: Mapping shader source directory ../../../Engine/Plugins/Runtime/Oculus/OculusVR/Shaders to virtual directory /Plugin/OculusVR
LogPluginManager: Mounting plugin PhysXVehicles
LogPluginManager: Mounting plugin ProceduralMeshComponent
LogPluginManager: Mounting plugin RuntimePhysXCooking
LogPluginManager: Mounting plugin SteamVR
LogPluginManager: Mounting plugin WindowsMoviePlayer
LogInit: Using libcurl 7.47.1
LogInit:  - built for x86_64-pc-win32
LogInit:  - supports SSL with OpenSSL/1.0.2g
LogInit:  - supports HTTP deflate (compression) using libz 1.2.8
LogInit:  - other features:
LogInit:      CURL_VERSION_SSL
LogInit:      CURL_VERSION_LIBZ
LogInit:      CURL_VERSION_IPV6
LogInit:      CURL_VERSION_ASYNCHDNS
LogInit:      CURL_VERSION_LARGEFILE
LogInit:      CURL_VERSION_IDN
LogInit:  CurlRequestOptions (configurable via config and command line):
LogInit:  - bVerifyPeer = false  - Libcurl will NOT verify peer certificate
LogInit:  - bUseHttpProxy = false  - Libcurl will NOT use HTTP proxy
LogInit:  - bDontReuseConnections = false  - Libcurl will reuse connections
LogInit:  - CertBundlePath = nullptr  - Libcurl will use whatever was configured at build time.
LogHMD: Failed initializing OVRPlugin 1.19.0
LogInit: Build: ++UE4+Release-4.18-CL-3832480
LogInit: Engine Version: 4.18.3-3832480+++UE4+Release-4.18
LogInit: Compatible Engine Version: 4.18.0-3709383+++UE4+Release-4.18
LogInit: Net CL: 3709383
LogDevObjectVersion: Number of dev versions registered: 16
LogDevObjectVersion:   Dev-Blueprints (B0D832E4-1F89-4F0D-ACCF-7EB736FD4AA2): 10
LogDevObjectVersion:   Dev-Build (E1C64328-A22C-4D53-A36C-8E866417BD8C): 0
LogDevObjectVersion:   Dev-Core (375EC13C-06E4-48FB-B500-84F0262A717E): 2
LogDevObjectVersion:   Dev-Editor (E4B068ED-F494-42E9-A231-DA0B2E46BB41): 20
LogDevObjectVersion:   Dev-Framework (CFFC743F-43B0-4480-9391-14DF171D2073): 30
LogDevObjectVersion:   Dev-Mobile (B02B49B5-BB20-44E9-A304-32B752E40360): 0
LogDevObjectVersion:   Dev-Networking (A4E4105C-59A1-49B5-A7C5-40C4547EDFEE): 0
LogDevObjectVersion:   Dev-Online (39C831C9-5AE6-47DC-9A44-9C173E1C8E7C): 0
LogDevObjectVersion:   Dev-Physics (78F01B33-EBEA-4F98-B9B4-84EACCB95AA2): 0
LogDevObjectVersion:   Dev-Platform (6631380F-2D4D-43E0-8009-CF276956A95A): 0
LogDevObjectVersion:   Dev-Rendering (12F88B9F-8875-4AFC-A67C-D90C383ABD29): 20
LogDevObjectVersion:   Dev-Sequencer (7B5AE74C-D270-4C10-A958-57980B212A5A): 4
LogDevObjectVersion:   Dev-VR (D7296918-1DD6-4BDD-9DE2-64A83CC13884): 0
LogDevObjectVersion:   Dev-LoadTimes (C2A15278-BFE7-4AFE-6C17-90FF531DF755): 1
LogDevObjectVersion:   Private-Geometry (6EACA3D4-40EC-4CC1-B786-8BED09428FC5): 1
LogDevObjectVersion:   Dev-AnimPhys (29E575DD-E0A3-4627-9D10-D276232CDCEA): 12
LogInit: Compiled (64-bit): Jan 12 2018 02:04:55
LogInit: Compiled with Visual C++: 19.00.24215.01
LogInit: Build Configuration: Development
LogInit: Branch Name: ++UE4+Release-4.18
LogInit: Command line:  
LogInit: Base directory: C:/Program Files/Epic Games/UE_4.18/Engine/Binaries/Win64/
LogInit: Installed Engine Build: 1
LogInit: Presizing for max 8388607 objects, including 0 objects not considered by GC, pre-allocating 0 bytes for permanent pool.
LogInit: Object subsystem initialized
[2018.02.26-22.17.29:938][  0]LogInit: Selected Device Profile: [Windows]
[2018.02.26-22.17.29:938][  0]LogInit: Applying CVar settings loaded from the selected device profile: [Windows]
[2018.02.26-22.17.29:955][  0]LogInit: Computer: SYD-R102-PC06
[2018.02.26-22.17.29:955][  0]LogInit: User: ethompson3
[2018.02.26-22.17.29:955][  0]LogInit: CPU Page size=4096, Cores=4
[2018.02.26-22.17.29:955][  0]LogInit: High frequency timer resolution =3.328133 MHz
[2018.02.26-22.17.29:955][  0]LogMemory: Memory total: Physical=31.9GB (32GB approx)
[2018.02.26-22.17.29:955][  0]LogMemory: Platform Memory Stats for Windows
[2018.02.26-22.17.29:955][  0]LogMemory: Process Physical Memory: 278.23 MB used, 278.23 MB peak
[2018.02.26-22.17.29:955][  0]LogMemory: Process Virtual Memory: 276.40 MB used, 276.40 MB peak
[2018.02.26-22.17.29:955][  0]LogMemory: Physical Memory: 10734.34 MB used,  21948.81 MB free, 32683.15 MB total
[2018.02.26-22.17.29:955][  0]LogMemory: Virtual Memory: 734.64 MB used,  21948.81 MB free, 134217728.00 MB total
[2018.02.26-22.17.30:124][  0]LogInit: Using OS detected language (en-US).
[2018.02.26-22.17.30:124][  0]LogInit: Using OS detected locale (en-AU).
[2018.02.26-22.17.30:128][  0]LogTextLocalizationManager: No specific localization for 'en-US' exists, so the 'en' localization will be used.
[2018.02.26-22.17.30:482][  0]LogInit: Setting process to per monitor DPI aware
[2018.02.26-22.17.30:792][  0]LogD3D11RHI: D3D11 adapters:
[2018.02.26-22.17.30:832][  0]LogD3D11RHI:    0. 'NVIDIA GeForce GTX 980' (Feature Level 11_0)
[2018.02.26-22.17.30:832][  0]LogD3D11RHI:       4060/0/16341 MB DedicatedVideo/DedicatedSystem/SharedSystem, Outputs:1, VendorId:0x10de
[2018.02.26-22.17.30:834][  0]LogD3D11RHI:    1. 'Microsoft Basic Render Driver' (Feature Level 11_0)
[2018.02.26-22.17.30:834][  0]LogD3D11RHI:       0/0/16341 MB DedicatedVideo/DedicatedSystem/SharedSystem, Outputs:0, VendorId:0x1414
[2018.02.26-22.17.30:834][  0]LogD3D11RHI: Chosen D3D11 Adapter: 0
[2018.02.26-22.17.30:843][  0]LogD3D11RHI: Creating new Direct3DDevice
[2018.02.26-22.17.30:843][  0]LogD3D11RHI:     GPU DeviceId: 0x13c0 (for the marketing name, search the web for "GPU Device Id")
[2018.02.26-22.17.30:843][  0]LogWindows: EnumDisplayDevices:
[2018.02.26-22.17.30:843][  0]LogWindows:    0. 'NVIDIA GeForce GTX 980' (P:1 D:1)
[2018.02.26-22.17.30:843][  0]LogWindows:    1. 'NVIDIA GeForce GTX 980' (P:0 D:0)
[2018.02.26-22.17.30:843][  0]LogWindows:    2. 'NVIDIA GeForce GTX 980' (P:0 D:0)
[2018.02.26-22.17.30:843][  0]LogWindows:    3. 'NVIDIA GeForce GTX 980' (P:0 D:0)
[2018.02.26-22.17.30:844][  0]LogWindows: DebugString: GetVideoDriverDetailsInvalid PrimaryIsNotTheChoosenAdapter GetVideoDriverDetailsInvalid PrimaryIsNotTheChoosenAdapter GetVideoDriverDetailsInvalid PrimaryIsNotTheChoosenAdapter GetVideoDriverDetailsInvalid PrimaryIsNotTheChoosenAdapter FoundDriverCount:0 
[2018.02.26-22.17.30:844][  0]LogD3D11RHI:     Adapter Name: NVIDIA GeForce GTX 980
[2018.02.26-22.17.30:844][  0]LogD3D11RHI:   Driver Version: Unknown (internal:Unknown, unified:Unknown)
[2018.02.26-22.17.30:844][  0]LogD3D11RHI:      Driver Date: Unknown
[2018.02.26-22.17.30:844][  0]LogRHI: Texture pool is 2842 MB (70% of 4060 MB)
[2018.02.26-22.17.30:864][  0]LogD3D11RHI: Async texture creation enabled
[2018.02.26-22.17.30:876][  0]LogD3D11RHI: GPU Timing Frequency: 1000.000000 (Debug: 2 1)
[2018.02.26-22.17.30:918][  0]LogShaderCompilers: Guid format shader working directory is -39 characters bigger than the processId version (../../../../../../Users/ethompson3/Documents/GitHub/Shot-Studios-Project/ShotStudiosFinal/Intermediate/Shaders/WorkingDirectory/17388/).
[2018.02.26-22.17.30:919][  0]LogShaderCompilers: Cleaned the shader compiler working directory 'C:/Users/ethompson3/AppData/Local/Temp/UnrealShaderWorkingDir/AAA6D0A14B243BCBE8256FB3A7D14859/'.
[2018.02.26-22.17.30:919][  0]LogShaderCompilers: Display: Using Local Shader Compiler.
[2018.02.26-22.17.31:787][  0]LogTemp: Display: Loaded TP AllDesktopTargetPlatform
[2018.02.26-22.17.31:843][  0]LogTemp: Display: Loaded TP MacClientTargetPlatform
[2018.02.26-22.17.31:898][  0]LogTemp: Display: Loaded TP MacNoEditorTargetPlatform
[2018.02.26-22.17.31:952][  0]LogTemp: Display: Loaded TP MacServerTargetPlatform
[2018.02.26-22.17.32:007][  0]LogTemp: Display: Loaded TP MacTargetPlatform
[2018.02.26-22.17.32:062][  0]LogTemp: Display: Loaded TP WindowsClientTargetPlatform
[2018.02.26-22.17.32:116][  0]LogTemp: Display: Loaded TP WindowsNoEditorTargetPlatform
[2018.02.26-22.17.32:172][  0]LogTemp: Display: Loaded TP WindowsServerTargetPlatform
[2018.02.26-22.17.32:219][  0]LogTemp: Display: Loaded TP WindowsTargetPlatform
[2018.02.26-22.17.32:273][  0]LogTemp: Display: Loaded TP Android_ASTCTargetPlatform
[2018.02.26-22.17.32:325][  0]LogTemp: Display: Loaded TP Android_ATCTargetPlatform
[2018.02.26-22.17.32:378][  0]LogTemp: Display: Loaded TP Android_DXTTargetPlatform
[2018.02.26-22.17.32:435][  0]LogTemp: Display: Loaded TP Android_ETC1TargetPlatform
[2018.02.26-22.17.32:489][  0]LogTemp: Display: Loaded TP Android_ETC2TargetPlatform
[2018.02.26-22.17.32:600][  0]LogTemp: Display: Loaded TP Android_MultiTargetPlatform
[2018.02.26-22.17.32:600][  0]LogTemp: Display: Loaded TP Android_PVRTCTargetPlatform
[2018.02.26-22.17.32:654][  0]LogTemp: Display: Loaded TP AndroidTargetPlatform
[2018.02.26-22.17.32:697][  0]LogTemp: Display: Loaded TP HTML5TargetPlatform
[2018.02.26-22.17.32:792][  0]LogTemp: Display: Loaded TP IOSTargetPlatform
[2018.02.26-22.17.32:821][  0]LogTemp: Display: Loaded TP TVOSTargetPlatform
[2018.02.26-22.17.32:875][  0]LogTemp: Display: Loaded TP LinuxClientTargetPlatform
[2018.02.26-22.17.32:927][  0]LogTemp: Display: Loaded TP LinuxNoEditorTargetPlatform
[2018.02.26-22.17.32:979][  0]LogTemp: Display: Loaded TP LinuxServerTargetPlatform
[2018.02.26-22.17.33:033][  0]LogTemp: Display: Loaded TP LinuxTargetPlatform
[2018.02.26-22.17.33:033][  0]LogTargetPlatformManager: Display: Building Assets For Windows
[2018.02.26-22.17.33:546][  0]LogDerivedDataCache: Display: Max Cache Size: 512 MB
[2018.02.26-22.17.33:600][  0]LogDerivedDataCache: Loaded boot cache 0.05s 78MB C:/Users/ethompson3/AppData/Local/UnrealEngine/4.18/DerivedDataCache/Boot.ddc.
[2018.02.26-22.17.33:600][  0]LogDerivedDataCache: Display: Loaded Boot cache: C:/Users/ethompson3/AppData/Local/UnrealEngine/4.18/DerivedDataCache/Boot.ddc
[2018.02.26-22.17.33:600][  0]LogDerivedDataCache: FDerivedDataBackendGraph:  Pak pak cache file ../../../../../../Users/ethompson3/Documents/GitHub/Shot-Studios-Project/ShotStudiosFinal/DerivedDataCache/DDC.ddp not found, will not use a pak cache.
[2018.02.26-22.17.33:600][  0]LogDerivedDataCache: Unable to find inner node Pak for hierarchical cache Hierarchy.
[2018.02.26-22.17.33:600][  0]LogDerivedDataCache: FDerivedDataBackendGraph:  CompressedPak pak cache file ../../../../../../Users/ethompson3/Documents/GitHub/Shot-Studios-Project/ShotStudiosFinal/DerivedDataCache/Compressed.ddp not found, will not use a pak cache.
[2018.02.26-22.17.33:600][  0]LogDerivedDataCache: Unable to find inner node CompressedPak for hierarchical cache Hierarchy.
[2018.02.26-22.17.33:614][  0]LogDerivedDataCache: Display: Pak cache opened for reading ../../../Engine/DerivedDataCache/Compressed.ddp.
[2018.02.26-22.17.33:627][  0]LogDerivedDataCache: Using Local data cache path C:/Users/ethompson3/AppData/Local/UnrealEngine/Common/DerivedDataCache: Writable
[2018.02.26-22.17.33:636][  0]LogMaterial: Verifying Global Shaders for PCD3D_SM5
[2018.02.26-22.17.33:636][  0]LogSlate: Using Freetype 2.6.0
[2018.02.26-22.17.33:637][  0]LogSlate: SlateFontCache - WITH_FREETYPE: 1, WITH_HARFBUZZ: 1
[2018.02.26-22.17.33:637][  0]LogSlate: SlateFontCache - WITH_FREETYPE: 1, WITH_HARFBUZZ: 1
[2018.02.26-22.17.33:994][  0]LogInit: Selected Device Profile: [Windows]
[2018.02.26-22.17.34:324][  0]LogSimplygon: Simplygon DLL not present - disabling.
[2018.02.26-22.17.34:367][  0]LogMeshReduction: Using SimplygonSwarm for distributed automatic mesh merging
[2018.02.26-22.17.34:367][  0]LogMeshReduction: Using QuadricMeshReduction for automatic static mesh reduction
[2018.02.26-22.17.34:367][  0]LogMeshReduction: No automatic skeletal mesh reduction module available
[2018.02.26-22.17.34:368][  0]LogMeshReduction: No automatic mesh merging module available
[2018.02.26-22.17.34:368][  0]LogMeshMerging: No automatic mesh merging module available
[2018.02.26-22.17.34:397][  0]LogNetVersion: ShotStudiosFinal , NetCL: 3709383, EngineNetVer: 2, GameNetVer: 0 (Checksum: 931518270)
[2018.02.26-22.17.34:566][  0]LogAssetRegistry: FAssetRegistry took 0.0260 seconds to start up
[2018.02.26-22.17.35:029][  0]LogPackageLocalizationCache: Processed 7 localized package path(s) for 2 prioritized culture(s) in 0.063741 seconds
[2018.02.26-22.17.35:033][  0]LogUObjectArray: 35870 objects as part of root set at end of initial load.
[2018.02.26-22.17.35:033][  0]LogUObjectAllocator: 7363704 out of 0 bytes used by permanent object pool.
[2018.02.26-22.17.35:033][  0]LogUObjectArray: CloseDisregardForGC: 0/0 objects in disregard for GC pool
[2018.02.26-22.17.35:091][  0]LogInit: WinSock: version 1.1 (2.2), MaxSocks=32767, MaxUdp=65467
[2018.02.26-22.17.38:008][  0]LogTcpMessaging: Initializing TcpMessaging bridge
[2018.02.26-22.17.38:057][  0]LogUdpMessaging: Initializing bridge on interface 0.0.0.0:0 to multicast group 230.0.0.1:6666.
[2018.02.26-22.17.38:862][  0]LogMaterial: Uniform references updated for custom material expression Custom.
[2018.02.26-22.17.39:327][  0]SourceControl: Source control is disabled
[2018.02.26-22.17.39:328][  0]SourceControl: Source control is disabled
[2018.02.26-22.17.39:390][  0]SourceControl: Source control is disabled
[2018.02.26-22.17.39:452][  0]SourceControl: Source control is disabled
[2018.02.26-22.17.40:386][  0]LogAndroidPermission: UAndroidPermissionCallbackProxy::GetInstance
[2018.02.26-22.17.40:704][  0]LogOcInput: OculusInput pre-init called
[2018.02.26-22.17.41:020][  0]LogEngine: Initializing Engine...
[2018.02.26-22.17.41:022][  0]LogHMD: Failed to initialize OpenVR with code 110
[2018.02.26-22.17.41:210][  0]LogStats: UGameplayTagsManager::ConstructGameplayTagTree: Construct from data asset -  0.000 s
[2018.02.26-22.17.41:211][  0]LogStats: UGameplayTagsManager::ConstructGameplayTagTree: GameplayTagTreeChangedEvent.Broadcast -  0.000 s
[2018.02.26-22.17.41:348][  0]LogAIModule: Creating AISystem for world Untitled
[2018.02.26-22.17.41:368][  0]LogInit: XAudio2 using 'Speakers (Realtek High Definition Audio)' : 2 channels at 48 kHz using 32 bits per sample (channel mask 0x3)
[2018.02.26-22.17.41:384][  0]LogInit: FAudioDevice initialized.
[2018.02.26-22.17.41:460][  0]LogDerivedDataCache: Saved boot cache 0.08s 78MB C:/Users/ethompson3/AppData/Local/UnrealEngine/4.18/DerivedDataCache/Boot.ddc.
[2018.02.26-22.17.41:467][  0]LogInit: Texture streaming: Enabled
[2018.02.26-22.17.41:578][  0]LogEngineSessionManager: EngineSessionManager initialized
[2018.02.26-22.17.41:719][  0]LogInit: Transaction tracking system initialized
[2018.02.26-22.17.42:051][  0]BlueprintLog: New page: Editor Load
[2018.02.26-22.17.43:010][  0]LocalizationService: Localization service is disabled
[2018.02.26-22.17.43:814][  0]LogConsoleResponse: Display: 
[2018.02.26-22.17.43:987][  0]LogCook: Display: Max memory allowance for cook 16384mb min free memory 0mb
[2018.02.26-22.17.43:987][  0]LogCook: Display: Mobile HDR setting 1
[2018.02.26-22.17.43:987][  0]LogGameplayTags: Display: UGameplayTagsManager::DoneAddingNativeTags. DelegateIsBound: 0
[2018.02.26-22.17.44:012][  0]LogFileCache: Scanning file cache for directory 'C:/Users/ethompson3/Documents/GitHub/Shot-Studios-Project/ShotStudiosFinal/Content/' took 0.01s
[2018.02.26-22.17.45:265][  0]SourceControl: Source control is disabled
[2018.02.26-22.17.45:265][  0]Cmd: MAP LOAD FILE="../../../../../../Users/ethompson3/Documents/GitHub/Shot-Studios-Project/ShotStudiosFinal/Content/TopDownBP/Maps/TopDownExampleMap.umap" TEMPLATE=0 SHOWPROGRESS=1 FEATURELEVEL=3
[2018.02.26-22.17.45:265][  0]LogEditorServer: Warning: Can't find file '../../../../../../Users/ethompson3/Documents/GitHub/Shot-Studios-Project/ShotStudiosFinal/Content/TopDownBP/Maps/TopDownExampleMap.umap'
[2018.02.26-22.17.45:265][  0]Cmd: MAP CHECKDEP NOCLEARLOG
[2018.02.26-22.17.45:321][  0]MapCheck: Map check complete: 0 Error(s), 0 Warning(s), took 56.482ms to complete.
[2018.02.26-22.17.45:322][  0]LogFileHelpers: Loading map 'TopDownExampleMap' took 0.057
[2018.02.26-22.17.45:387][  0]LogWindowsTextInputMethodSystem: Display: IME system now deactivated.
[2018.02.26-22.17.45:462][  0]LogCollectionManager: Loaded 0 collections in 0.001500 seconds
[2018.02.26-22.17.45:566][  0]LogFileCache: Scanning file cache for directory 'C:/Users/ethompson3/Documents/GitHub/Shot-Studios-Project/ShotStudiosFinal/Saved/Collections/' took 0.01s
[2018.02.26-22.17.45:566][  0]LogFileCache: Scanning file cache for directory 'C:/Users/ethompson3/Documents/GitHub/Shot-Studios-Project/ShotStudiosFinal/Content/Developers/ethompson3/Collections/' took 0.01s
[2018.02.26-22.17.45:566][  0]LogFileCache: Scanning file cache for directory 'C:/Users/ethompson3/Documents/GitHub/Shot-Studios-Project/ShotStudiosFinal/Content/Collections/' took 0.01s
[2018.02.26-22.17.45:566][  0]LogCollectionManager: Rebuilt the GUID cache for 0 collections in 0.000000 seconds
[2018.02.26-22.17.45:575][  0]LogContentBrowser: Native class hierarchy populated in 0.0080 seconds. Added 2363 classes and 519 folders.
[2018.02.26-22.17.45:644][  0]LogContentBrowser: Native class hierarchy updated for 'WidgetCarousel' in 0.0002 seconds. Added 0 classes and 0 folders.
[2018.02.26-22.17.45:677][  0]LogContentBrowser: Native class hierarchy updated for 'AddContentDialog' in 0.0002 seconds. Added 0 classes and 0 folders.
[2018.02.26-22.17.45:722][  0]LogContentBrowser: Native class hierarchy updated for 'SceneOutliner' in 0.0002 seconds. Added 1 classes and 2 folders.
[2018.02.26-22.17.45:737][  0]LogSlate: Took 0.000503 seconds to synchronously load lazily loaded font '../../../Engine/Content/Slate/Fonts/Roboto-Regular.ttf' (155K)
[2018.02.26-22.17.45:740][  0]LogSlate: Took 0.000552 seconds to synchronously load lazily loaded font '../../../Engine/Content/Slate/Fonts/Roboto-Bold.ttf' (160K)
[2018.02.26-22.17.45:746][  0]LogSlate: Took 0.000380 seconds to synchronously load lazily loaded font '../../../Engine/Content/Editor/Slate/Fonts/FontAwesome.ttf' (139K)
[2018.02.26-22.17.45:836][  0]LogRenderer: Reallocating scene render targets to support 1616x812 Format 10 NumSamples 1 (Frame:1).
[2018.02.26-22.17.45:986][  0]LogContentBrowser: Native class hierarchy updated for 'HierarchicalLODOutliner' in 0.0002 seconds. Added 1 classes and 2 folders.
[2018.02.26-22.17.45:987][  0]LogLoad: (Engine Initialization) Total time: 18.74 seconds
[2018.02.26-22.17.45:987][  0]LogLoad: (Engine Initialization) Total Blueprint compile time: 0.00 seconds
[2018.02.26-22.17.45:987][  0]LogExternalProfiler: Found external profiler: VSPerf
[2018.02.26-22.17.45:987][  0]LogExternalProfiler: Using external profiler: VSPerf
[2018.02.26-22.17.46:013][  0]LogAssetRegistry: Asset discovery search completed in 11.4693 seconds
[2018.02.26-22.17.46:015][  0]LogCollectionManager: Rebuilt the object cache for 0 collections in 0.000000 seconds (found 0 objects)
[2018.02.26-22.17.46:015][  0]LogCollectionManager: Fixed up redirectors for 0 collections in 0.000031 seconds (updated 0 objects)
[2018.02.26-22.17.46:017][  0]LogContentStreaming: Texture pool size now 1000 MB
[2018.02.26-22.17.53:550][892]LogTemp: Repeating last play command: Selected Viewport
[2018.02.26-22.17.53:573][892]LogPlayLevel: PlayLevel: No blueprints needed recompiling
[2018.02.26-22.17.53:574][892]PIE: New page: PIE session: Untitled_0 (27 Feb 2018 8:17:53 pm)
[2018.02.26-22.17.53:574][892]LogPlayLevel: Creating play world package: /Temp/UEDPIE_0_Untitled_0
[2018.02.26-22.17.53:574][892]LogPlayLevel: PIE: StaticDuplicateObject took: (0.000528s)
[2018.02.26-22.17.53:575][892]LogAIModule: Creating AISystem for world Untitled
[2018.02.26-22.17.53:575][892]LogPlayLevel: PIE: World Init took: (0.000442s)
[2018.02.26-22.17.53:575][892]LogPlayLevel: PIE: Created PIE world by copying editor world from /Temp/Untitled_0.Untitled to /Temp/UEDPIE_0_Untitled_0.Untitled (0.001169s)
[2018.02.26-22.17.53:597][892]LogInit: XAudio2 using 'Speakers (Realtek High Definition Audio)' : 2 channels at 48 kHz using 32 bits per sample (channel mask 0x3)
[2018.02.26-22.17.53:608][892]LogInit: FAudioDevice initialized.
[2018.02.26-22.17.53:729][892]LogLoad: Game class is 'TopDownGameMode_C'
[2018.02.26-22.17.53:731][892]LogWorld: Bringing World /Temp/UEDPIE_0_Untitled_0.Untitled up for play (max tick rate 0) at 2018.02.27-09.17.53
[2018.02.26-22.17.53:731][892]LogWorld: Bringing up level for play took: 0.000419
[2018.02.26-22.17.53:776][892]LogContentBrowser: Native class hierarchy updated for 'MovieSceneCapture' in 0.0003 seconds. Added 11 classes and 0 folders.
[2018.02.26-22.17.53:778][892]PIE: Play in editor start time for /Temp/UEDPIE_0_Untitled_0 0.382
[2018.02.26-22.18.02:196][882]MapCheck: New page: Map Check
[2018.02.26-22.18.02:211][882]Cmd: MAP REBUILD ALLVISIBLE
[2018.02.26-22.18.02:211][882]LogEditorServer: Rebuildmap Clear paths rebuilt
[2018.02.26-22.18.02:271][882]TextureStreamingBuild: Display: Build Texture Streaming took 0.002 seconds.
[2018.02.26-22.18.02:278][882]LightingResults: New page: Lighting Build - 27 Feb 2018 8:18:02 pm
[2018.02.26-22.18.02:324][882]LogContentBrowser: Native class hierarchy updated for 'StatsViewer' in 0.0002 seconds. Added 5 classes and 0 folders.
[2018.02.26-22.18.02:403][882]LogSwarmInterface: [OpenConnection] Registering TCP channel ...
[2018.02.26-22.18.02:477][882]LogSwarmInterface: [OpenConnection] Connecting to agent ...
[2018.02.26-22.18.02:486][882]LogSwarmInterface: [TryOpenConnection] Testing the Agent
[2018.02.26-22.18.03:036][882]LogSwarmInterface: [TryOpenConnection] Opening Connection to Agent
[2018.02.26-22.18.03:036][882]LogSwarmInterface: [TryOpenConnection] Local Process ID is 17388
[2018.02.26-22.18.06:018][882]LogStaticLightingSystem: Warning: No importance volume found, so the scene bounding box was used.  You can optimize your scene's quality and lighting build times by adding importance volumes.
[2018.02.26-22.18.06:018][882]LogStaticLightingSystem: Running Lightmass w/ ImmediateImport mode ENABLED
[2018.02.26-22.18.06:018][882]LogStaticLightingSystem: Running Lightmass w/ ImmediateProcess mode ENABLED
[2018.02.26-22.18.06:018][882]LogStaticLightingSystem: Running Lightmass w/ Sorting mode ENABLED
[2018.02.26-22.18.06:019][882]LogStaticLightingSystem: Running Lightmass w/ Mapping paddings ENABLED
[2018.02.26-22.18.06:019][882]LogStaticLightingSystem: Running Lightmass w/ Mapping debug paddings DISABLED
[2018.02.26-22.18.06:115][882]Cmd: MAP CHECK DONTDISPLAYDIALOG
[2018.02.26-22.18.06:115][882]MapCheck: New page: Untitled_0 - 27 Feb 2018 8:18:06 pm
[2018.02.26-22.18.06:163][882]MapCheck: Map check complete: 0 Error(s), 0 Warning(s), took 47.68ms to complete.
[2018.02.26-22.18.06:186][882]LogEditorBuildUtils: Build time 0:03
[2018.02.26-22.18.06:207][882]LogMaterial: Missing cached shader map for material FLightmassMaterialRenderer WorldGridMaterial, compiling. Is special engine material.
[2018.02.26-22.18.06:220][882]LogMaterial: Missing cached shader map for material FLightmassMaterialRenderer WorldGridMaterial, compiling. Is special engine material.
[2018.02.26-22.18.08:197][979]Job is a success!
[2018.02.26-22.18.08:215][980]LogSlate: Took 0.000236 seconds to synchronously load lazily loaded font '../../../Engine/Content/Slate/Fonts/Roboto-Light.ttf' (159K)
[2018.02.26-22.18.08:238][980]LogVolumetricLightmapImport: Imported Volumetric Lightmap in 0.008s
[2018.02.26-22.18.08:239][980]LogVolumetricLightmapImport:      Indirection Texture 16x16x16 = 0.0Mb
[2018.02.26-22.18.08:239][980]LogVolumetricLightmapImport:      BrickData 5x5x5 = 0.0Mb
[2018.02.26-22.18.08:239][980]LogVolumetricLightmapImport:      Bricks at Level
[2018.02.26-22.18.08:239][980]LogVolumetricLightmapImport:          0: 100.0% covering 100.0% of volume
[2018.02.26-22.18.08:239][980]LogVolumetricLightmapImport:          1: 0.0% covering 0.0% of volume
[2018.02.26-22.18.08:239][980]LogVolumetricLightmapImport:          2: 0.0% covering 0.0% of volume
[2018.02.26-22.18.08:268][980]Lightmass on SYD-R102-PC06: 903 ms total, 87 ms importing, 9 ms setup, 379 ms photons, 277 ms processing, 0 ms extra exporting [0/0 mappings]. Threads: 1.77 sec total, 0 ms processing.
[2018.02.26-22.18.08:288][980]LogStaticLightingSystem: Illumination: 5.99 sec (0 ms encoding lightmaps, 0 ms encoding shadowmaps)
[2018.02.26-22.18.08:288][980]LogStaticLightingSystem: Lightmap texture memory:  0.0 MB (0.0 MB streaming, 0.0 MB non-streaming), 0 textures
[2018.02.26-22.18.08:288][980]LogStaticLightingSystem: Shadowmap texture memory: 0.0 MB (0.0 MB streaming, 0.0 MB non-streaming), 0 textures
[2018.02.26-22.18.09:030][980]DumpUnbuiltLightIteractions
[2018.02.26-22.18.09:030][980]Lights with unbuilt interactions: 0
[2018.02.26-22.18.09:030][980]
[2018.02.26-22.18.09:030][980]Primitives with unbuilt interactions: 0
[2018.02.26-22.18.09:038][981]Cmd: MAP CHECK NOTIFYRESULTS
[2018.02.26-22.18.09:038][981]MapCheck: New page: Untitled_0 - 27 Feb 2018 8:18:09 pm
[2018.02.26-22.18.09:090][981]MapCheck: Map check complete: 0 Error(s), 0 Warning(s), took 51.234ms to complete.
[2018.02.26-22.19.41:400][ 77]LogEditorViewport: Clicking Background
